{"/home/lupyana/Workspace/Ride-My-Way/backend/app.js": {"path":"/home/lupyana/Workspace/Ride-My-Way/backend/app.js","statementMap":{"0":{"start":{"line":1,"column":16},"end":{"line":1,"column":34}},"1":{"start":{"line":2,"column":19},"end":{"line":2,"column":41}},"2":{"start":{"line":4,"column":15},"end":{"line":4,"column":41}},"3":{"start":{"line":6,"column":12},"end":{"line":6,"column":21}},"4":{"start":{"line":7,"column":13},"end":{"line":7,"column":17}},"5":{"start":{"line":9,"column":0},"end":{"line":9,"column":27}},"6":{"start":{"line":10,"column":0},"end":{"line":10,"column":52}},"7":{"start":{"line":11,"column":0},"end":{"line":11,"column":27}},"8":{"start":{"line":12,"column":0},"end":{"line":12,"column":21}}},"fnMap":{},"branchMap":{},"s":{"0":2,"1":2,"2":2,"3":2,"4":2,"5":2,"6":2,"7":2,"8":2},"f":{},"b":{},"_coverageSchema":"43e27e138ebf9cfc5966b082cf9a028302ed4184","hash":"c05f5d3581fa3a2afe581f70cf3654517b01ce87"}
,"/home/lupyana/Workspace/Ride-My-Way/backend/router/routes.js": {"path":"/home/lupyana/Workspace/Ride-My-Way/backend/router/routes.js","statementMap":{"0":{"start":{"line":1,"column":16},"end":{"line":1,"column":34}},"1":{"start":{"line":3,"column":15},"end":{"line":3,"column":31}},"2":{"start":{"line":4,"column":14},"end":{"line":33,"column":1}},"3":{"start":{"line":35,"column":0},"end":{"line":37,"column":3}},"4":{"start":{"line":36,"column":2},"end":{"line":36,"column":51}},"5":{"start":{"line":38,"column":0},"end":{"line":40,"column":3}},"6":{"start":{"line":39,"column":2},"end":{"line":39,"column":33}},"7":{"start":{"line":42,"column":0},"end":{"line":44,"column":3}},"8":{"start":{"line":43,"column":2},"end":{"line":43,"column":34}},"9":{"start":{"line":46,"column":0},"end":{"line":49,"column":3}},"10":{"start":{"line":47,"column":2},"end":{"line":47,"column":31}},"11":{"start":{"line":48,"column":2},"end":{"line":48,"column":34}},"12":{"start":{"line":51,"column":0},"end":{"line":53,"column":3}},"13":{"start":{"line":52,"column":2},"end":{"line":52,"column":55}},"14":{"start":{"line":55,"column":0},"end":{"line":57,"column":3}},"15":{"start":{"line":56,"column":2},"end":{"line":56,"column":70}},"16":{"start":{"line":59,"column":0},"end":{"line":59,"column":24}}},"fnMap":{"0":{"name":"(anonymous_0)","decl":{"start":{"line":35,"column":16},"end":{"line":35,"column":17}},"loc":{"start":{"line":35,"column":30},"end":{"line":37,"column":1}},"line":35},"1":{"name":"(anonymous_1)","decl":{"start":{"line":38,"column":17},"end":{"line":38,"column":18}},"loc":{"start":{"line":38,"column":31},"end":{"line":40,"column":1}},"line":38},"2":{"name":"(anonymous_2)","decl":{"start":{"line":42,"column":21},"end":{"line":42,"column":22}},"loc":{"start":{"line":42,"column":35},"end":{"line":44,"column":1}},"line":42},"3":{"name":"(anonymous_3)","decl":{"start":{"line":46,"column":22},"end":{"line":46,"column":23}},"loc":{"start":{"line":46,"column":36},"end":{"line":49,"column":1}},"line":46},"4":{"name":"(anonymous_4)","decl":{"start":{"line":51,"column":25},"end":{"line":51,"column":26}},"loc":{"start":{"line":51,"column":39},"end":{"line":53,"column":1}},"line":51},"5":{"name":"(anonymous_5)","decl":{"start":{"line":55,"column":34},"end":{"line":55,"column":35}},"loc":{"start":{"line":55,"column":48},"end":{"line":57,"column":1}},"line":55}},"branchMap":{},"s":{"0":2,"1":2,"2":2,"3":2,"4":1,"5":2,"6":0,"7":2,"8":1,"9":2,"10":1,"11":1,"12":2,"13":1,"14":2,"15":1,"16":2},"f":{"0":1,"1":0,"2":1,"3":1,"4":1,"5":1},"b":{},"_coverageSchema":"43e27e138ebf9cfc5966b082cf9a028302ed4184","hash":"b42ceae047d7342704c204b3b4bf0a24d67ca9e0"}
}
