{"/home/lupyana/Workspace/Ride-My-Way/backend/app.js": {"path":"/home/lupyana/Workspace/Ride-My-Way/backend/app.js","statementMap":{"0":{"start":{"line":1,"column":16},"end":{"line":1,"column":34}},"1":{"start":{"line":2,"column":15},"end":{"line":2,"column":41}},"2":{"start":{"line":4,"column":12},"end":{"line":4,"column":21}},"3":{"start":{"line":5,"column":13},"end":{"line":5,"column":17}},"4":{"start":{"line":7,"column":0},"end":{"line":7,"column":27}},"5":{"start":{"line":9,"column":0},"end":{"line":9,"column":21}}},"fnMap":{},"branchMap":{},"s":{"0":2,"1":2,"2":2,"3":2,"4":2,"5":2},"f":{},"b":{},"_coverageSchema":"43e27e138ebf9cfc5966b082cf9a028302ed4184","hash":"3f52beb0364215b602378146a8ccaf5c47fdd29b"}
,"/home/lupyana/Workspace/Ride-My-Way/backend/router/routes.js": {"path":"/home/lupyana/Workspace/Ride-My-Way/backend/router/routes.js","statementMap":{"0":{"start":{"line":1,"column":16},"end":{"line":1,"column":34}},"1":{"start":{"line":3,"column":15},"end":{"line":3,"column":31}},"2":{"start":{"line":5,"column":14},"end":{"line":34,"column":1}},"3":{"start":{"line":36,"column":0},"end":{"line":38,"column":3}},"4":{"start":{"line":37,"column":2},"end":{"line":37,"column":51}},"5":{"start":{"line":40,"column":0},"end":{"line":42,"column":3}},"6":{"start":{"line":41,"column":2},"end":{"line":41,"column":34}},"7":{"start":{"line":44,"column":0},"end":{"line":46,"column":3}},"8":{"start":{"line":45,"column":2},"end":{"line":45,"column":55}},"9":{"start":{"line":48,"column":0},"end":{"line":48,"column":24}}},"fnMap":{"0":{"name":"(anonymous_0)","decl":{"start":{"line":36,"column":16},"end":{"line":36,"column":17}},"loc":{"start":{"line":36,"column":30},"end":{"line":38,"column":1}},"line":36},"1":{"name":"(anonymous_1)","decl":{"start":{"line":40,"column":21},"end":{"line":40,"column":22}},"loc":{"start":{"line":40,"column":35},"end":{"line":42,"column":1}},"line":40},"2":{"name":"(anonymous_2)","decl":{"start":{"line":44,"column":25},"end":{"line":44,"column":26}},"loc":{"start":{"line":44,"column":39},"end":{"line":46,"column":1}},"line":44}},"branchMap":{},"s":{"0":2,"1":2,"2":2,"3":2,"4":1,"5":2,"6":1,"7":2,"8":1,"9":2},"f":{"0":1,"1":1,"2":1},"b":{},"_coverageSchema":"43e27e138ebf9cfc5966b082cf9a028302ed4184","hash":"e317b780412974bdc58c782eaf49b2692d487341"}
}
