TN:
SF:/home/lupyana/Workspace/Ride-My-Way/backend/app.js
FNF:0
FNH:0
DA:1,2
DA:2,2
DA:4,2
DA:6,2
DA:7,2
DA:9,2
DA:10,2
DA:11,2
DA:12,2
LF:9
LH:9
BRF:0
BRH:0
end_of_record
TN:
SF:/home/lupyana/Workspace/Ride-My-Way/backend/router/routes.js
FN:35,(anonymous_0)
FN:38,(anonymous_1)
FN:42,(anonymous_2)
FN:46,(anonymous_3)
FN:51,(anonymous_4)
FN:55,(anonymous_5)
FNF:6
FNH:5
FNDA:1,(anonymous_0)
FNDA:0,(anonymous_1)
FNDA:1,(anonymous_2)
FNDA:1,(anonymous_3)
FNDA:1,(anonymous_4)
FNDA:1,(anonymous_5)
DA:1,2
DA:3,2
DA:4,2
DA:35,2
DA:36,1
DA:38,2
DA:39,0
DA:42,2
DA:43,1
DA:46,2
DA:47,1
DA:48,1
DA:51,2
DA:52,1
DA:55,2
DA:56,1
DA:59,2
LF:17
LH:16
BRF:0
BRH:0
end_of_record
